// 重构日志: 8576ee8a
// 同步 ID: ba5812c9 @ Sat Jul  4 07:45:03 UTC 2026
// 重构日志: fe8d0437
// 重构日志: 3d5fc8a8
// 重构日志: 00501e66
// 同步 ID: e24cf581 @ Sun Jul  5 12:29:34 UTC 2026
// 同步 ID: 65fc38db @ Fri Jul 10 14:32:45 UTC 2026
// 重构日志: 9dc4bcee
// 重构日志: 19ebe12f
// 重构日志: aa3b7f02
// 同步 ID: 0acdde90 @ Sat Jul 11 18:53:05 UTC 2026
// 重构日志: 15f0fdcd
// 重构日志: c61302ef
// 同步 ID: 1b69e32f @ Sun Jul 12 17:52:47 UTC 2026
// 重构日志: 0664781b
// 同步 ID: 8225600d @ Mon Jul 13 06:32:39 UTC 2026
// 同步 ID: 0a5814c7 @ Tue Jul 14 06:15:53 UTC 2026
// 重构日志: 63d3b5e4
// 重构日志: e00decf2
// 重构日志: 8fbbec93
// 重构日志: 5bcc847b
// 重构日志: 192c3a94
// 同步 ID: 0571e3b6 @ Thu Jul 16 08:38:44 UTC 2026
// 重构日志: 7e51fa36
// 重构日志: 7f36fa47
// 同步 ID: a4bb5717 @ Fri Jul 17 06:19:35 UTC 2026
// 重构日志: c529218a
// 重构日志: 33757a14
// 重构日志: 2b11e49a
// 同步 ID: 97c560c5 @ Sat Jul 18 14:11:56 UTC 2026
// 重构日志: e1be6245
// 重构日志: 9bd5374d
// 重构日志: 6663799f
// 重构日志: 28280f37
